<?xml version="1.0" encoding="utf-8"?><testsuites name="pytest tests"><testsuite name="pytest" errors="0" failures="0" skipped="0" tests="17" time="10.307" timestamp="2026-06-14T19:59:05.829464+00:00" hostname="agent-env-762b9e52-db10-4220-893f-f7d3c39b21e8"><testcase classname="tests.backend_test.TestAuth" name="test_register_new_user" time="0.439" /><testcase classname="tests.backend_test.TestAuth" name="test_register_duplicate" time="0.434" /><testcase classname="tests.backend_test.TestAuth" name="test_login_demo" time="0.043" /><testcase classname="tests.backend_test.TestAuth" name="test_login_wrong_password" time="0.326" /><testcase classname="tests.backend_test.TestAuth" name="test_me_unauth" time="0.154" /><testcase classname="tests.backend_test.TestAuth" name="test_logout" time="0.416" /><testcase classname="tests.backend_test.TestTasks" name="test_task_crud" time="0.624" /><testcase classname="tests.backend_test.TestEvents" name="test_event_crud" time="0.174" /><testcase classname="tests.backend_test.TestProjects" name="test_project_with_tasks" time="0.301" /><testcase classname="tests.backend_test.TestBudget" name="test_transactions_and_summary" time="0.296" /><testcase classname="tests.backend_test.TestBudget" name="test_ai_chat_streaming" time="2.326" /><testcase classname="tests.backend_test.TestDashboard" name="test_dashboard" time="0.046" /><testcase classname="tests.test_iter2_features.TestBudgets" name="test_budget_crud_and_allocation" time="1.076" /><testcase classname="tests.test_iter2_features.TestGoals" name="test_goal_crud_and_contribute" time="0.471" /><testcase classname="tests.test_iter2_features.TestGoals" name="test_contribute_nonexistent_404" time="0.048" /><testcase classname="tests.test_iter2_features.TestProjectExtras" name="test_project_due_date_and_subtasks" time="0.282" /><testcase classname="tests.test_iter2_features.TestAIContextWithEnvelopes" name="test_ai_stream_runs" time="2.784" /></testsuite></testsuites>