<?xml version="1.0" encoding="utf-8"?><testsuites name="pytest tests"><testsuite name="pytest" errors="0" failures="0" skipped="0" tests="5" time="4.909" timestamp="2026-06-14T19:58:53.014077+00:00" hostname="agent-env-762b9e52-db10-4220-893f-f7d3c39b21e8"><testcase classname="tests.test_iter2_features.TestBudgets" name="test_budget_crud_and_allocation" time="1.184" /><testcase classname="tests.test_iter2_features.TestGoals" name="test_goal_crud_and_contribute" time="0.421" /><testcase classname="tests.test_iter2_features.TestGoals" name="test_contribute_nonexistent_404" time="0.049" /><testcase classname="tests.test_iter2_features.TestProjectExtras" name="test_project_due_date_and_subtasks" time="0.295" /><testcase classname="tests.test_iter2_features.TestAIContextWithEnvelopes" name="test_ai_stream_runs" time="2.786" /></testsuite></testsuites>