<?xml version="1.0" encoding="utf-8"?><testsuites name="pytest tests"><testsuite name="pytest" errors="0" failures="0" skipped="0" tests="12" time="8.326" timestamp="2026-06-14T08:42:43.678952+00:00" hostname="agent-env-762b9e52-db10-4220-893f-f7d3c39b21e8"><testcase classname="backend.tests.backend_test.TestAuth" name="test_register_new_user" time="2.529" /><testcase classname="backend.tests.backend_test.TestAuth" name="test_register_duplicate" time="0.423" /><testcase classname="backend.tests.backend_test.TestAuth" name="test_login_demo" time="0.049" /><testcase classname="backend.tests.backend_test.TestAuth" name="test_login_wrong_password" time="0.346" /><testcase classname="backend.tests.backend_test.TestAuth" name="test_me_unauth" time="0.134" /><testcase classname="backend.tests.backend_test.TestAuth" name="test_logout" time="0.398" /><testcase classname="backend.tests.backend_test.TestTasks" name="test_task_crud" time="0.599" /><testcase classname="backend.tests.backend_test.TestEvents" name="test_event_crud" time="0.176" /><testcase classname="backend.tests.backend_test.TestProjects" name="test_project_with_tasks" time="0.268" /><testcase classname="backend.tests.backend_test.TestBudget" name="test_transactions_and_summary" time="0.265" /><testcase classname="backend.tests.backend_test.TestBudget" name="test_ai_chat_streaming" time="3.004" /><testcase classname="backend.tests.backend_test.TestDashboard" name="test_dashboard" time="0.046" /></testsuite></testsuites>